Compiling the C compiler identification source file "CMakeCCompilerId.c" failed.
Compiler: cl 
Build flags: 
Id flags:  

The output was:
Das System kann die angegebene Datei nicht finden


Compiling the C compiler identification source file "CMakeCCompilerId.c" failed.
Compiler: cl 
Build flags: 
Id flags: -c 

The output was:
Das System kann die angegebene Datei nicht finden


Compiling the C compiler identification source file "CMakeCCompilerId.c" failed.
Compiler: cl 
Build flags: 
Id flags: -Aa 

The output was:
Das System kann die angegebene Datei nicht finden


Compiling the C compiler identification source file "CMakeCCompilerId.c" failed.
Compiler: cl 
Build flags: 
Id flags: -D__CLASSIC_C__ 

The output was:
Das System kann die angegebene Datei nicht finden


Compiling the C compiler identification source file "CMakeCCompilerId.c" failed.
Compiler: cl 
Build flags: 
Id flags: --target=arm-arm-none-eabi;-mcpu=cortex-m3 

The output was:
Das System kann die angegebene Datei nicht finden


Compiling the C compiler identification source file "CMakeCCompilerId.c" failed.
Compiler: cl 
Build flags: 
Id flags:  

The output was:
Das System kann die angegebene Datei nicht finden


Compiling the C compiler identification source file "CMakeCCompilerId.c" failed.
Compiler: cl 
Build flags: 
Id flags: -c 

The output was:
Das System kann die angegebene Datei nicht finden


Compiling the C compiler identification source file "CMakeCCompilerId.c" failed.
Compiler: cl 
Build flags: 
Id flags: -Aa 

The output was:
Das System kann die angegebene Datei nicht finden


Compiling the C compiler identification source file "CMakeCCompilerId.c" failed.
Compiler: cl 
Build flags: 
Id flags: -D__CLASSIC_C__ 

The output was:
Das System kann die angegebene Datei nicht finden


Compiling the C compiler identification source file "CMakeCCompilerId.c" failed.
Compiler: cl 
Build flags: 
Id flags: --target=arm-arm-none-eabi;-mcpu=cortex-m3 

The output was:
Das System kann die angegebene Datei nicht finden


Checking whether the C compiler is IAR using "" did not match "IAR .+ Compiler":
Checking whether the C compiler is IAR using "" did not match "IAR .+ Compiler":
Compiling the CXX compiler identification source file "CMakeCXXCompilerId.cpp" failed.
Compiler: cl 
Build flags: 
Id flags:  

The output was:
Das System kann die angegebene Datei nicht finden


Compiling the CXX compiler identification source file "CMakeCXXCompilerId.cpp" failed.
Compiler: cl 
Build flags: 
Id flags: -c 

The output was:
Das System kann die angegebene Datei nicht finden


Compiling the CXX compiler identification source file "CMakeCXXCompilerId.cpp" failed.
Compiler: cl 
Build flags: 
Id flags: --c++ 

The output was:
Das System kann die angegebene Datei nicht finden


Compiling the CXX compiler identification source file "CMakeCXXCompilerId.cpp" failed.
Compiler: cl 
Build flags: 
Id flags: --ec++ 

The output was:
Das System kann die angegebene Datei nicht finden


Compiling the CXX compiler identification source file "CMakeCXXCompilerId.cpp" failed.
Compiler: cl 
Build flags: 
Id flags: --target=arm-arm-none-eabi;-mcpu=cortex-m3 

The output was:
Das System kann die angegebene Datei nicht finden


Compiling the CXX compiler identification source file "CMakeCXXCompilerId.cpp" failed.
Compiler: cl 
Build flags: 
Id flags:  

The output was:
Das System kann die angegebene Datei nicht finden


Compiling the CXX compiler identification source file "CMakeCXXCompilerId.cpp" failed.
Compiler: cl 
Build flags: 
Id flags: -c 

The output was:
Das System kann die angegebene Datei nicht finden


Compiling the CXX compiler identification source file "CMakeCXXCompilerId.cpp" failed.
Compiler: cl 
Build flags: 
Id flags: --c++ 

The output was:
Das System kann die angegebene Datei nicht finden


Compiling the CXX compiler identification source file "CMakeCXXCompilerId.cpp" failed.
Compiler: cl 
Build flags: 
Id flags: --ec++ 

The output was:
Das System kann die angegebene Datei nicht finden


Compiling the CXX compiler identification source file "CMakeCXXCompilerId.cpp" failed.
Compiler: cl 
Build flags: 
Id flags: --target=arm-arm-none-eabi;-mcpu=cortex-m3 

The output was:
Das System kann die angegebene Datei nicht finden


Checking whether the CXX compiler is IAR using "" did not match "IAR .+ Compiler":
Checking whether the CXX compiler is IAR using "" did not match "IAR .+ Compiler":
Compiling the C compiler identification source file "CMakeCCompilerId.c" failed.
Compiler: cl 
Build flags: 
Id flags:  

The output was:
Das System kann die angegebene Datei nicht finden


Compiling the C compiler identification source file "CMakeCCompilerId.c" failed.
Compiler: cl 
Build flags: 
Id flags: -c 

The output was:
Das System kann die angegebene Datei nicht finden


Compiling the C compiler identification source file "CMakeCCompilerId.c" failed.
Compiler: cl 
Build flags: 
Id flags: -Aa 

The output was:
Das System kann die angegebene Datei nicht finden


Compiling the C compiler identification source file "CMakeCCompilerId.c" failed.
Compiler: cl 
Build flags: 
Id flags: -D__CLASSIC_C__ 

The output was:
Das System kann die angegebene Datei nicht finden


Compiling the C compiler identification source file "CMakeCCompilerId.c" failed.
Compiler: cl 
Build flags: 
Id flags: --target=arm-arm-none-eabi;-mcpu=cortex-m3 

The output was:
Das System kann die angegebene Datei nicht finden


Compiling the C compiler identification source file "CMakeCCompilerId.c" failed.
Compiler: cl 
Build flags: 
Id flags:  

The output was:
Das System kann die angegebene Datei nicht finden


Compiling the C compiler identification source file "CMakeCCompilerId.c" failed.
Compiler: cl 
Build flags: 
Id flags: -c 

The output was:
Das System kann die angegebene Datei nicht finden


Compiling the C compiler identification source file "CMakeCCompilerId.c" failed.
Compiler: cl 
Build flags: 
Id flags: -Aa 

The output was:
Das System kann die angegebene Datei nicht finden


Compiling the C compiler identification source file "CMakeCCompilerId.c" failed.
Compiler: cl 
Build flags: 
Id flags: -D__CLASSIC_C__ 

The output was:
Das System kann die angegebene Datei nicht finden


Compiling the C compiler identification source file "CMakeCCompilerId.c" failed.
Compiler: cl 
Build flags: 
Id flags: --target=arm-arm-none-eabi;-mcpu=cortex-m3 

The output was:
Das System kann die angegebene Datei nicht finden


Checking whether the C compiler is IAR using "" did not match "IAR .+ Compiler":
Checking whether the C compiler is IAR using "" did not match "IAR .+ Compiler":
Determining if the CXX compiler works failed with the following output:
Change Dir: C:/Users/pscho/OneDrive/Arbeit/Sapphire/sapphire/sapphire/source_code/CMakeFiles/CMakeTmp

Run Build Command(s):nmake /nologo cmTC_c9aac\fast && Das System kann die angegebene Datei nicht finden
Generator: execution of make failed. Make command was: nmake /nologo cmTC_c9aac\fast && 


Compiling the C compiler identification source file "CMakeCCompilerId.c" failed.
Compiler: cl 
Build flags: 
Id flags:  

The output was:
Das System kann die angegebene Datei nicht finden


Compiling the C compiler identification source file "CMakeCCompilerId.c" failed.
Compiler: cl 
Build flags: 
Id flags: -c 

The output was:
Das System kann die angegebene Datei nicht finden


Compiling the C compiler identification source file "CMakeCCompilerId.c" failed.
Compiler: cl 
Build flags: 
Id flags: -Aa 

The output was:
Das System kann die angegebene Datei nicht finden


Compiling the C compiler identification source file "CMakeCCompilerId.c" failed.
Compiler: cl 
Build flags: 
Id flags: -D__CLASSIC_C__ 

The output was:
Das System kann die angegebene Datei nicht finden


Compiling the C compiler identification source file "CMakeCCompilerId.c" failed.
Compiler: cl 
Build flags: 
Id flags: --target=arm-arm-none-eabi;-mcpu=cortex-m3 

The output was:
Das System kann die angegebene Datei nicht finden


Compiling the C compiler identification source file "CMakeCCompilerId.c" failed.
Compiler: cl 
Build flags: 
Id flags:  

The output was:
Das System kann die angegebene Datei nicht finden


Compiling the C compiler identification source file "CMakeCCompilerId.c" failed.
Compiler: cl 
Build flags: 
Id flags: -c 

The output was:
Das System kann die angegebene Datei nicht finden


Compiling the C compiler identification source file "CMakeCCompilerId.c" failed.
Compiler: cl 
Build flags: 
Id flags: -Aa 

The output was:
Das System kann die angegebene Datei nicht finden


Compiling the C compiler identification source file "CMakeCCompilerId.c" failed.
Compiler: cl 
Build flags: 
Id flags: -D__CLASSIC_C__ 

The output was:
Das System kann die angegebene Datei nicht finden


Compiling the C compiler identification source file "CMakeCCompilerId.c" failed.
Compiler: cl 
Build flags: 
Id flags: --target=arm-arm-none-eabi;-mcpu=cortex-m3 

The output was:
Das System kann die angegebene Datei nicht finden


Checking whether the C compiler is IAR using "" did not match "IAR .+ Compiler":
Checking whether the C compiler is IAR using "" did not match "IAR .+ Compiler":
Determining if the CXX compiler works failed with the following output:
Change Dir: C:/Users/pscho/OneDrive/Arbeit/Sapphire/sapphire/sapphire/source_code/CMakeFiles/CMakeTmp

Run Build Command(s):nmake /nologo cmTC_5d779\fast && Das System kann die angegebene Datei nicht finden
Generator: execution of make failed. Make command was: nmake /nologo cmTC_5d779\fast && 


Compiling the C compiler identification source file "CMakeCCompilerId.c" failed.
Compiler: cl 
Build flags: 
Id flags:  

The output was:
Das System kann die angegebene Datei nicht finden


Compiling the C compiler identification source file "CMakeCCompilerId.c" failed.
Compiler: cl 
Build flags: 
Id flags: -c 

The output was:
Das System kann die angegebene Datei nicht finden


Compiling the C compiler identification source file "CMakeCCompilerId.c" failed.
Compiler: cl 
Build flags: 
Id flags: -Aa 

The output was:
Das System kann die angegebene Datei nicht finden


Compiling the C compiler identification source file "CMakeCCompilerId.c" failed.
Compiler: cl 
Build flags: 
Id flags: -D__CLASSIC_C__ 

The output was:
Das System kann die angegebene Datei nicht finden


Compiling the C compiler identification source file "CMakeCCompilerId.c" failed.
Compiler: cl 
Build flags: 
Id flags: --target=arm-arm-none-eabi;-mcpu=cortex-m3 

The output was:
Das System kann die angegebene Datei nicht finden


Compiling the C compiler identification source file "CMakeCCompilerId.c" failed.
Compiler: cl 
Build flags: 
Id flags:  

The output was:
Das System kann die angegebene Datei nicht finden


Compiling the C compiler identification source file "CMakeCCompilerId.c" failed.
Compiler: cl 
Build flags: 
Id flags: -c 

The output was:
Das System kann die angegebene Datei nicht finden


Compiling the C compiler identification source file "CMakeCCompilerId.c" failed.
Compiler: cl 
Build flags: 
Id flags: -Aa 

The output was:
Das System kann die angegebene Datei nicht finden


Compiling the C compiler identification source file "CMakeCCompilerId.c" failed.
Compiler: cl 
Build flags: 
Id flags: -D__CLASSIC_C__ 

The output was:
Das System kann die angegebene Datei nicht finden


Compiling the C compiler identification source file "CMakeCCompilerId.c" failed.
Compiler: cl 
Build flags: 
Id flags: --target=arm-arm-none-eabi;-mcpu=cortex-m3 

The output was:
Das System kann die angegebene Datei nicht finden


Checking whether the C compiler is IAR using "" did not match "IAR .+ Compiler":
Checking whether the C compiler is IAR using "" did not match "IAR .+ Compiler":
Determining if the CXX compiler works failed with the following output:
Change Dir: C:/Users/pscho/OneDrive/Arbeit/Sapphire/sapphire/sapphire/source_code/CMakeFiles/CMakeTmp

Run Build Command(s):nmake /nologo cmTC_c424c\fast && Das System kann die angegebene Datei nicht finden
Generator: execution of make failed. Make command was: nmake /nologo cmTC_c424c\fast && 


Determining if the C compiler works failed with the following output:
Change Dir: C:/Users/pscho/OneDrive/Arbeit/Sapphire/sapphire/sapphire/source_code/CMakeFiles/CMakeTmp

Run Build Command(s):nmake /nologo cmTC_5c842\fast && Das System kann die angegebene Datei nicht finden
Generator: execution of make failed. Make command was: nmake /nologo cmTC_5c842\fast && 


Compiling the C compiler identification source file "CMakeCCompilerId.c" failed.
Compiler: x86_64-w64-mingw32-gcc-8 
Build flags: 
Id flags:  

The output was:
Das System kann die angegebene Datei nicht finden


Compiling the C compiler identification source file "CMakeCCompilerId.c" failed.
Compiler: x86_64-w64-mingw32-gcc-8 
Build flags: 
Id flags: -c 

The output was:
Das System kann die angegebene Datei nicht finden


Compiling the C compiler identification source file "CMakeCCompilerId.c" failed.
Compiler: x86_64-w64-mingw32-gcc-8 
Build flags: 
Id flags: -Aa 

The output was:
Das System kann die angegebene Datei nicht finden


Compiling the C compiler identification source file "CMakeCCompilerId.c" failed.
Compiler: x86_64-w64-mingw32-gcc-8 
Build flags: 
Id flags: -D__CLASSIC_C__ 

The output was:
Das System kann die angegebene Datei nicht finden


Compiling the C compiler identification source file "CMakeCCompilerId.c" failed.
Compiler: x86_64-w64-mingw32-gcc-8 
Build flags: 
Id flags: --target=arm-arm-none-eabi;-mcpu=cortex-m3 

The output was:
Das System kann die angegebene Datei nicht finden


Compiling the C compiler identification source file "CMakeCCompilerId.c" failed.
Compiler: x86_64-w64-mingw32-gcc-8 
Build flags: 
Id flags:  

The output was:
Das System kann die angegebene Datei nicht finden


Compiling the C compiler identification source file "CMakeCCompilerId.c" failed.
Compiler: x86_64-w64-mingw32-gcc-8 
Build flags: 
Id flags: -c 

The output was:
Das System kann die angegebene Datei nicht finden


Compiling the C compiler identification source file "CMakeCCompilerId.c" failed.
Compiler: x86_64-w64-mingw32-gcc-8 
Build flags: 
Id flags: -Aa 

The output was:
Das System kann die angegebene Datei nicht finden


Compiling the C compiler identification source file "CMakeCCompilerId.c" failed.
Compiler: x86_64-w64-mingw32-gcc-8 
Build flags: 
Id flags: -D__CLASSIC_C__ 

The output was:
Das System kann die angegebene Datei nicht finden


Compiling the C compiler identification source file "CMakeCCompilerId.c" failed.
Compiler: x86_64-w64-mingw32-gcc-8 
Build flags: 
Id flags: --target=arm-arm-none-eabi;-mcpu=cortex-m3 

The output was:
Das System kann die angegebene Datei nicht finden


Checking whether the C compiler is IAR using "" did not match "IAR .+ Compiler":
Checking whether the C compiler is IAR using "" did not match "IAR .+ Compiler":
Determining if the CXX compiler works failed with the following output:
Change Dir: C:/Users/pscho/OneDrive/Arbeit/Sapphire/sapphire/sapphire/source_code/CMakeFiles/CMakeTmp

Run Build Command(s):nmake /nologo cmTC_bcd45\fast && Das System kann die angegebene Datei nicht finden
Generator: execution of make failed. Make command was: nmake /nologo cmTC_bcd45\fast && 


Determining if the C compiler works failed with the following output:
Change Dir: C:/Users/pscho/OneDrive/Arbeit/Sapphire/sapphire/sapphire/source_code/CMakeFiles/CMakeTmp

Run Build Command(s):nmake /nologo cmTC_fe26f\fast && Das System kann die angegebene Datei nicht finden
Generator: execution of make failed. Make command was: nmake /nologo cmTC_fe26f\fast && 


